0 info it worked if it ends with ok
1 verbose cli [ '/usr/bin/node',
1 verbose cli   '/usr/bin/npm',
1 verbose cli   'install',
1 verbose cli   'angular-loose-touch-api@1.0.0',
1 verbose cli   '--save',
1 verbose cli   '--cwd',
1 verbose cli   'target/angular-loose-touch-api',
1 verbose cli   'build' ]
2 info using npm@3.5.2
3 info using node@v8.10.0
4 silly loadCurrentTree Starting
5 silly install loadCurrentTree
6 silly install readLocalPackageData
7 silly fetchPackageMetaData angular-loose-touch-api@1.0.0
8 silly fetchPackageMetaData target/angular-loose-touch-api
9 silly fetchPackageMetaData build
10 silly fetchNamedPackageData angular-loose-touch-api
11 silly mapToRegistry name angular-loose-touch-api
12 silly mapToRegistry using default registry
13 silly mapToRegistry registry https://registry.npmjs.org/
14 silly mapToRegistry uri https://registry.npmjs.org/angular-loose-touch-api
15 silly fetchNamedPackageData build
16 silly mapToRegistry name build
17 silly mapToRegistry using default registry
18 silly mapToRegistry registry https://registry.npmjs.org/
19 silly mapToRegistry uri https://registry.npmjs.org/build
20 verbose request uri https://registry.npmjs.org/angular-loose-touch-api
21 verbose request no auth needed
22 info attempt registry request try #1 at 21:49:03
23 verbose request id c53f409e04ba53bb
24 http request GET https://registry.npmjs.org/angular-loose-touch-api
25 silly fetchDirectoryPackageData target/angular-loose-touch-api
26 verbose request uri https://registry.npmjs.org/build
27 verbose request no auth needed
28 info attempt registry request try #1 at 21:49:03
29 http request GET https://registry.npmjs.org/build
30 http 200 https://registry.npmjs.org/build
31 verbose headers { date: 'Sun, 16 Jun 2019 19:49:04 GMT',
31 verbose headers   'content-type': 'application/json',
31 verbose headers   'transfer-encoding': 'chunked',
31 verbose headers   connection: 'keep-alive',
31 verbose headers   'set-cookie':
31 verbose headers    [ '__cfduid=d3a25af323dc30ad96c65f34dc314e7f21560714544; expires=Mon, 15-Jun-20 19:49:04 GMT; path=/; domain=.npmjs.org; HttpOnly' ],
31 verbose headers   'cf-cache-status': 'HIT',
31 verbose headers   'cache-control': 'max-age=300',
31 verbose headers   'cf-ray': '4e7f4e100802695a-CDG',
31 verbose headers   etag: 'W/"ca97c70b23192df9a22270e5d7a1f66f"',
31 verbose headers   'expect-ct': 'max-age=604800, report-uri="https://report-uri.cloudflare.com/cdn-cgi/beacon/expect-ct"',
31 verbose headers   'last-modified': 'Fri, 26 Apr 2019 20:39:24 GMT',
31 verbose headers   vary: 'accept-encoding, accept',
31 verbose headers   'x-amz-meta-rev': '22-3894cd45136c948c2ec5d2e8e041d047',
31 verbose headers   server: 'cloudflare',
31 verbose headers   'content-encoding': 'gzip' }
32 silly get cb [ 200,
32 silly get   { date: 'Sun, 16 Jun 2019 19:49:04 GMT',
32 silly get     'content-type': 'application/json',
32 silly get     'transfer-encoding': 'chunked',
32 silly get     connection: 'keep-alive',
32 silly get     'set-cookie':
32 silly get      [ '__cfduid=d3a25af323dc30ad96c65f34dc314e7f21560714544; expires=Mon, 15-Jun-20 19:49:04 GMT; path=/; domain=.npmjs.org; HttpOnly' ],
32 silly get     'cf-cache-status': 'HIT',
32 silly get     'cache-control': 'max-age=300',
32 silly get     'cf-ray': '4e7f4e100802695a-CDG',
32 silly get     etag: 'W/"ca97c70b23192df9a22270e5d7a1f66f"',
32 silly get     'expect-ct': 'max-age=604800, report-uri="https://report-uri.cloudflare.com/cdn-cgi/beacon/expect-ct"',
32 silly get     'last-modified': 'Fri, 26 Apr 2019 20:39:24 GMT',
32 silly get     vary: 'accept-encoding, accept',
32 silly get     'x-amz-meta-rev': '22-3894cd45136c948c2ec5d2e8e041d047',
32 silly get     server: 'cloudflare',
32 silly get     'content-encoding': 'gzip' } ]
33 verbose get saving build to /home/straumat/.npm/registry.npmjs.org/build/.cache.json
34 http 404 https://registry.npmjs.org/angular-loose-touch-api
35 verbose headers { date: 'Sun, 16 Jun 2019 19:49:05 GMT',
35 verbose headers   'content-type': 'application/json',
35 verbose headers   'content-length': '21',
35 verbose headers   connection: 'keep-alive',
35 verbose headers   'set-cookie':
35 verbose headers    [ '__cfduid=dd23e80f48ef0e5ddcaeb6f019bbf13361560714544; expires=Mon, 15-Jun-20 19:49:04 GMT; path=/; domain=.npmjs.org; HttpOnly' ],
35 verbose headers   'cf-cache-status': 'MISS',
35 verbose headers   'cache-control': 'max-age=300',
35 verbose headers   'cf-ray': '4e7f4e105cd8a8df-CDG',
35 verbose headers   'expect-ct': 'max-age=604800, report-uri="https://report-uri.cloudflare.com/cdn-cgi/beacon/expect-ct"',
35 verbose headers   vary: 'accept-encoding, accept',
35 verbose headers   server: 'cloudflare' }
36 silly get cb [ 404,
36 silly get   { date: 'Sun, 16 Jun 2019 19:49:05 GMT',
36 silly get     'content-type': 'application/json',
36 silly get     'content-length': '21',
36 silly get     connection: 'keep-alive',
36 silly get     'set-cookie':
36 silly get      [ '__cfduid=dd23e80f48ef0e5ddcaeb6f019bbf13361560714544; expires=Mon, 15-Jun-20 19:49:04 GMT; path=/; domain=.npmjs.org; HttpOnly' ],
36 silly get     'cf-cache-status': 'MISS',
36 silly get     'cache-control': 'max-age=300',
36 silly get     'cf-ray': '4e7f4e105cd8a8df-CDG',
36 silly get     'expect-ct': 'max-age=604800, report-uri="https://report-uri.cloudflare.com/cdn-cgi/beacon/expect-ct"',
36 silly get     vary: 'accept-encoding, accept',
36 silly get     server: 'cloudflare' } ]
37 silly fetchPackageMetaData Error: Not found : angular-loose-touch-api
37 silly fetchPackageMetaData     at makeError (/usr/share/npm/node_modules/npm-registry-client/lib/request.js:264:12)
37 silly fetchPackageMetaData     at CachingRegistryClient.<anonymous> (/usr/share/npm/node_modules/npm-registry-client/lib/request.js:252:14)
37 silly fetchPackageMetaData     at Request._callback (/usr/share/npm/node_modules/npm-registry-client/lib/request.js:172:14)
37 silly fetchPackageMetaData     at Request.self.callback (/usr/share/npm/node_modules/request/request.js:198:22)
37 silly fetchPackageMetaData     at emitTwo (events.js:126:13)
37 silly fetchPackageMetaData     at Request.emit (events.js:214:7)
37 silly fetchPackageMetaData     at Request.<anonymous> (/usr/share/npm/node_modules/request/request.js:1082:10)
37 silly fetchPackageMetaData     at emitOne (events.js:121:20)
37 silly fetchPackageMetaData     at Request.emit (events.js:211:7)
37 silly fetchPackageMetaData     at IncomingMessage.<anonymous> (/usr/share/npm/node_modules/request/request.js:1009:12)
37 silly fetchPackageMetaData  error for angular-loose-touch-api@1.0.0 { Error: Not found : angular-loose-touch-api
37 silly fetchPackageMetaData     at makeError (/usr/share/npm/node_modules/npm-registry-client/lib/request.js:264:12)
37 silly fetchPackageMetaData     at CachingRegistryClient.<anonymous> (/usr/share/npm/node_modules/npm-registry-client/lib/request.js:252:14)
37 silly fetchPackageMetaData     at Request._callback (/usr/share/npm/node_modules/npm-registry-client/lib/request.js:172:14)
37 silly fetchPackageMetaData     at Request.self.callback (/usr/share/npm/node_modules/request/request.js:198:22)
37 silly fetchPackageMetaData     at emitTwo (events.js:126:13)
37 silly fetchPackageMetaData     at Request.emit (events.js:214:7)
37 silly fetchPackageMetaData     at Request.<anonymous> (/usr/share/npm/node_modules/request/request.js:1082:10)
37 silly fetchPackageMetaData     at emitOne (events.js:121:20)
37 silly fetchPackageMetaData     at Request.emit (events.js:211:7)
37 silly fetchPackageMetaData     at IncomingMessage.<anonymous> (/usr/share/npm/node_modules/request/request.js:1009:12)
37 silly fetchPackageMetaData   pkgid: 'angular-loose-touch-api',
37 silly fetchPackageMetaData   statusCode: 404,
37 silly fetchPackageMetaData   code: 'E404' }
38 silly rollbackFailedOptional Starting
39 silly rollbackFailedOptional Finishing
40 silly runTopLevelLifecycles Starting
41 silly runTopLevelLifecycles Finishing
42 silly install printInstalled
43 verbose stack Error: Not found : angular-loose-touch-api
43 verbose stack     at makeError (/usr/share/npm/node_modules/npm-registry-client/lib/request.js:264:12)
43 verbose stack     at CachingRegistryClient.<anonymous> (/usr/share/npm/node_modules/npm-registry-client/lib/request.js:252:14)
43 verbose stack     at Request._callback (/usr/share/npm/node_modules/npm-registry-client/lib/request.js:172:14)
43 verbose stack     at Request.self.callback (/usr/share/npm/node_modules/request/request.js:198:22)
43 verbose stack     at emitTwo (events.js:126:13)
43 verbose stack     at Request.emit (events.js:214:7)
43 verbose stack     at Request.<anonymous> (/usr/share/npm/node_modules/request/request.js:1082:10)
43 verbose stack     at emitOne (events.js:121:20)
43 verbose stack     at Request.emit (events.js:211:7)
43 verbose stack     at IncomingMessage.<anonymous> (/usr/share/npm/node_modules/request/request.js:1009:12)
44 verbose statusCode 404
45 verbose pkgid angular-loose-touch-api
46 verbose cwd /home/straumat/IdeaProjects/loose-touch/api
47 error Linux 4.15.0-51-generic
48 error argv "/usr/bin/node" "/usr/bin/npm" "install" "angular-loose-touch-api@1.0.0" "--save" "--cwd" "target/angular-loose-touch-api" "build"
49 error node v8.10.0
50 error npm  v3.5.2
51 error code E404
52 error 404 Not found : angular-loose-touch-api
53 error 404
54 error 404 'angular-loose-touch-api' is not in the npm registry.
55 error 404 You should bug the author to publish it (or use the name yourself!)
56 error 404 Note that you can also install from a
57 error 404 tarball, folder, http url, or git url.
58 verbose exit [ 1, true ]
